<?xml version="1.0" encoding="UTF-8"?>
<testsuites tests="25" failures="0" errors="0" time="0.615805">
	<testsuite tests="0" failures="0" time="0.000000" name="ppo/data/internal/config" timestamp="2026-02-20T10:10:11+03:00">
		<properties>
			<property name="go.version" value="go1.25.7 linux/amd64"></property>
		</properties>
	</testsuite>
	<testsuite tests="22" failures="0" time="0.016000" name="ppo/data/internal/repository/localjson" timestamp="2026-02-20T10:10:11+03:00">
		<properties>
			<property name="go.version" value="go1.25.7 linux/amd64"></property>
		</properties>
		<testcase classname="ppo/data/internal/repository/localjson" name="TestUserRepositorySaveAndGetByID" time="0.000000"></testcase>
		<testcase classname="ppo/data/internal/repository/localjson" name="TestUserRepositorySaveRejectsDuplicate" time="0.000000"></testcase>
		<testcase classname="ppo/data/internal/repository/localjson" name="TestUserRepositoryUpdate" time="0.010000"></testcase>
		<testcase classname="ppo/data/internal/repository/localjson" name="TestUserRepositoryUpdateMissing" time="0.000000"></testcase>
		<testcase classname="ppo/data/internal/repository/localjson" name="TestUserRepositoryGetByIDMissing" time="0.000000"></testcase>
		<testcase classname="ppo/data/internal/repository/localjson" name="TestGameRepositorySave" time="0.000000"></testcase>
		<testcase classname="ppo/data/internal/repository/localjson" name="TestGameRepositorySaveRejectsDuplicate" time="0.000000"></testcase>
		<testcase classname="ppo/data/internal/repository/localjson" name="TestGameRepositoryGetByID" time="0.000000"></testcase>
		<testcase classname="ppo/data/internal/repository/localjson" name="TestGameRepositoryGetByIDMissing" time="0.000000"></testcase>
		<testcase classname="ppo/data/internal/repository/localjson" name="TestGameRepositoryListByUserOrdersByStart" time="0.000000"></testcase>
		<testcase classname="ppo/data/internal/repository/localjson" name="TestGameRepositoryListByUserEmpty" time="0.000000"></testcase>
		<testcase classname="ppo/data/internal/repository/localjson" name="TestGameRepositoryBoardState" time="0.000000"></testcase>
		<testcase classname="ppo/data/internal/repository/localjson" name="TestGameRepositoryBoardStateMissing" time="0.000000"></testcase>
		<testcase classname="ppo/data/internal/repository/localjson" name="TestGameRepositoryUpdateBoardState" time="0.000000"></testcase>
		<testcase classname="ppo/data/internal/repository/localjson" name="TestGameRepositoryUpdateBoardStateMissing" time="0.000000"></testcase>
		<testcase classname="ppo/data/internal/repository/localjson" name="TestGameRepositoryUpdate" time="0.000000"></testcase>
		<testcase classname="ppo/data/internal/repository/localjson" name="TestGameRepositoryUpdateMissing" time="0.000000"></testcase>
		<testcase classname="ppo/data/internal/repository/localjson" name="TestMoveRepositoryAddAndGetByID" time="0.000000"></testcase>
		<testcase classname="ppo/data/internal/repository/localjson" name="TestMoveRepositoryAddRejectsDuplicate" time="0.000000"></testcase>
		<testcase classname="ppo/data/internal/repository/localjson" name="TestMoveRepositoryGetByIDMissing" time="0.000000"></testcase>
		<testcase classname="ppo/data/internal/repository/localjson" name="TestMoveRepositoryListByGame" time="0.000000"></testcase>
		<testcase classname="ppo/data/internal/repository/localjson" name="TestMoveRepositoryListByGameEmpty" time="0.000000"></testcase>
	</testsuite>
	<testsuite tests="3" failures="0" time="0.372000" name="ppo/data/internal/repository/postgres" timestamp="2026-02-20T10:10:11+03:00">
		<properties>
			<property name="go.version" value="go1.25.7 linux/amd64"></property>
		</properties>
		<testcase classname="ppo/data/internal/repository/postgres" name="TestGameRepository_Postgres" time="0.140000"></testcase>
		<testcase classname="ppo/data/internal/repository/postgres" name="TestMoveRepository_Postgres" time="0.100000"></testcase>
		<testcase classname="ppo/data/internal/repository/postgres" name="TestUserRepository_Postgres" time="0.120000"></testcase>
	</testsuite>
</testsuites>